生成启动时间为 2018/4/27 11:18:18。
     1>项目“F:\shejichengxv\quchuxuangaung\quchuxuangaung\quchuxuangaung.vcxproj”在节点 2 上(build 个目标)。
     1>InitializeBuildStatus:
         正在创建“Debug\quchuxuangaung.unsuccessfulbuild”，因为已指定“AlwaysCreate”。
       ClCompile:
         E:\VS2010\VC\bin\CL.exe /c /ZI /nologo /W3 /WX- /Od /Oy- /D WIN32 /D _DEBUG /D _CONSOLE /D _UNICODE /D UNICODE /Gm /EHsc /RTC1 /MDd /GS /fp:precise /Zc:wchar_t /Zc:forScope /Fo"Debug\\" /Fd"Debug\vc100.pdb" /Gd /TP /analyze- /errorReport:prompt Qchuxuanguang.cpp quchuxuanguang.cpp
         quchuxuanguang.cpp
     1>f:\shejichengxv\quchuxuangaung\quchuxuangaung\quchuxuanguang.cpp(97): warning C4244: “初始化”: 从“double”转换到“int”，可能丢失数据
         Qchuxuanguang.cpp
     1>f:\shejichengxv\quchuxuangaung\quchuxuangaung\qchuxuanguang.cpp(431): warning C4244: “参数”: 从“double”转换到“int”，可能丢失数据
     1>f:\shejichengxv\quchuxuangaung\quchuxuangaung\qchuxuanguang.cpp(431): warning C4244: “参数”: 从“double”转换到“int”，可能丢失数据
     1>f:\shejichengxv\quchuxuangaung\quchuxuangaung\qchuxuanguang.cpp(620): warning C4244: “=”: 从“double”转换到“uchar”，可能丢失数据
     1>f:\shejichengxv\quchuxuangaung\quchuxuangaung\qchuxuanguang.cpp(635): warning C4244: “初始化”: 从“double”转换到“int”，可能丢失数据
     1>f:\shejichengxv\quchuxuangaung\quchuxuangaung\qchuxuanguang.cpp(648): warning C4244: “初始化”: 从“int”转换到“float”，可能丢失数据
     1>f:\shejichengxv\quchuxuangaung\quchuxuangaung\qchuxuanguang.cpp(661): warning C4244: “参数”: 从“double”转换到“int”，可能丢失数据
     1>f:\shejichengxv\quchuxuangaung\quchuxuangaung\qchuxuanguang.cpp(661): warning C4244: “参数”: 从“double”转换到“int”，可能丢失数据
     1>f:\shejichengxv\quchuxuangaung\quchuxuangaung\qchuxuanguang.cpp(681): warning C4244: “参数”: 从“double”转换到“int”，可能丢失数据
     1>f:\shejichengxv\quchuxuangaung\quchuxuangaung\qchuxuanguang.cpp(681): warning C4244: “参数”: 从“double”转换到“int”，可能丢失数据
     1>f:\shejichengxv\quchuxuangaung\quchuxuangaung\qchuxuanguang.cpp(810): warning C4244: “=”: 从“double”转换到“float”，可能丢失数据
     1>f:\shejichengxv\quchuxuangaung\quchuxuangaung\qchuxuanguang.cpp(811): warning C4244: “=”: 从“double”转换到“float”，可能丢失数据
     1>f:\shejichengxv\quchuxuangaung\quchuxuangaung\qchuxuanguang.cpp(1029): warning C4244: “参数”: 从“double”转换到“int”，可能丢失数据
     1>f:\shejichengxv\quchuxuangaung\quchuxuangaung\qchuxuanguang.cpp(1029): warning C4244: “参数”: 从“double”转换到“int”，可能丢失数据
     1>f:\shejichengxv\quchuxuangaung\quchuxuangaung\qchuxuanguang.cpp(1065): warning C4244: “=”: 从“double”转换到“int”，可能丢失数据
     1>f:\shejichengxv\quchuxuangaung\quchuxuangaung\qchuxuanguang.cpp(1066): warning C4244: “=”: 从“double”转换到“int”，可能丢失数据
     1>f:\shejichengxv\quchuxuangaung\quchuxuangaung\qchuxuanguang.cpp(1067): warning C4244: “=”: 从“double”转换到“int”，可能丢失数据
     1>f:\shejichengxv\quchuxuangaung\quchuxuangaung\qchuxuanguang.cpp(1113): warning C4244: “=”: 从“double”转换到“int”，可能丢失数据
     1>f:\shejichengxv\quchuxuangaung\quchuxuangaung\qchuxuanguang.cpp(1114): warning C4244: “=”: 从“double”转换到“int”，可能丢失数据
     1>f:\shejichengxv\quchuxuangaung\quchuxuangaung\qchuxuanguang.cpp(1117): warning C4244: “=”: 从“double”转换到“int”，可能丢失数据
     1>f:\shejichengxv\quchuxuangaung\quchuxuangaung\qchuxuanguang.cpp(1118): warning C4244: “=”: 从“double”转换到“int”，可能丢失数据
     1>f:\shejichengxv\quchuxuangaung\quchuxuangaung\qchuxuanguang.cpp(1122): warning C4244: “=”: 从“double”转换到“int”，可能丢失数据
     1>f:\shejichengxv\quchuxuangaung\quchuxuangaung\qchuxuanguang.cpp(1123): warning C4244: “=”: 从“double”转换到“int”，可能丢失数据
         正在生成代码...
       ManifestResourceCompile:
         所有输出均为最新。
       Link:
         E:\VS2010\VC\bin\link.exe /ERRORREPORT:PROMPT /OUT:"F:\shejichengxv\quchuxuangaung\Debug\quchuxuangaung.exe" /INCREMENTAL /NOLOGO opencv_ml249d.lib opencv_calib3d249d.lib opencv_contrib249d.lib opencv_core249d.lib opencv_features2d249d.lib opencv_flann249d.lib opencv_gpu249d.lib opencv_highgui249d.lib opencv_imgproc249d.lib opencv_legacy249d.lib opencv_objdetect249d.lib opencv_ts249d.lib opencv_video249d.lib opencv_nonfree249d.lib opencv_ocl249d.lib opencv_photo249d.lib opencv_stitching249d.lib opencv_superres249d.lib opencv_videostab249d.lib opencv_ml249d.lib opencv_calib3d249d.lib opencv_contrib249d.lib opencv_core249d.lib opencv_features2d249d.lib opencv_flann249d.lib opencv_gpu249d.lib opencv_highgui249d.lib opencv_imgproc249d.lib opencv_legacy249d.lib opencv_objdetect249d.lib opencv_ts249d.lib opencv_video249d.lib opencv_nonfree249d.lib opencv_ocl249d.lib opencv_photo249d.lib opencv_stitching249d.lib opencv_superres249d.lib opencv_videostab249d.lib kernel32.lib user32.lib gdi32.lib winspool.lib comdlg32.lib advapi32.lib shell32.lib ole32.lib oleaut32.lib uuid.lib odbc32.lib odbccp32.lib /MANIFEST /ManifestFile:"Debug\quchuxuangaung.exe.intermediate.manifest" /MANIFESTUAC:"level='asInvoker' uiAccess='false'" /DEBUG /PDB:"F:\shejichengxv\quchuxuangaung\Debug\quchuxuangaung.pdb" /SUBSYSTEM:CONSOLE /TLBID:1 /DYNAMICBASE /NXCOMPAT /IMPLIB:"F:\shejichengxv\quchuxuangaung\Debug\quchuxuangaung.lib" /MACHINE:X86 Debug\quchuxuangaung.exe.embed.manifest.res
         Debug\Qchuxuanguang.obj
         Debug\quchuxuanguang.obj
         Debug\TideRect.obj
       Manifest:
         C:\Program Files (x86)\Microsoft SDKs\Windows\v7.0A\bin\mt.exe /nologo /verbose /out:"Debug\quchuxuangaung.exe.embed.manifest" /manifest Debug\quchuxuangaung.exe.intermediate.manifest
         所有输出均为最新。
       LinkEmbedManifest:
         所有输出均为最新。
         quchuxuangaung.vcxproj -> F:\shejichengxv\quchuxuangaung\Debug\quchuxuangaung.exe
       FinalizeBuildStatus:
         正在删除文件“Debug\quchuxuangaung.unsuccessfulbuild”。
         正在对“Debug\quchuxuangaung.lastbuildstate”执行 Touch 任务。
     1>已完成生成项目“F:\shejichengxv\quchuxuangaung\quchuxuangaung\quchuxuangaung.vcxproj”(build 个目标)的操作。

生成成功。

已用时间 00:00:05.97
