生成启动时间为 2018/7/25 21:48:49。
     1>项目“F:\shejichengxv\quchuxuangaung\quchuxuangaung\quchuxuangaung.vcxproj”在节点 2 上(build 个目标)。
     1>InitializeBuildStatus:
         正在创建“Release\quchuxuangaung.unsuccessfulbuild”，因为已指定“AlwaysCreate”。
       ClCompile:
         E:\VS2010\VC\bin\CL.exe /c /Zi /nologo /W3 /WX- /O2 /Oi /Oy- /GL /D WIN32 /D NDEBUG /D _CONSOLE /D _UNICODE /D UNICODE /Gm- /EHsc /MD /GS /Gy /fp:precise /Zc:wchar_t /Zc:forScope /Fo"Release\\" /Fd"Release\vc100.pdb" /Gd /TP /analyze- /errorReport:prompt Qchuxuanguang.cpp
         Qchuxuanguang.cpp
     1>Qchuxuanguang.cpp(431): warning C4244: “参数”: 从“double”转换到“int”，可能丢失数据
     1>Qchuxuanguang.cpp(431): warning C4244: “参数”: 从“double”转换到“int”，可能丢失数据
     1>Qchuxuanguang.cpp(485): warning C4244: “=”: 从“const double”转换到“float”，可能丢失数据
     1>Qchuxuanguang.cpp(628): warning C4244: “=”: 从“double”转换到“uchar”，可能丢失数据
     1>Qchuxuanguang.cpp(643): warning C4244: “初始化”: 从“double”转换到“int”，可能丢失数据
     1>Qchuxuanguang.cpp(656): warning C4244: “初始化”: 从“int”转换到“float”，可能丢失数据
     1>Qchuxuanguang.cpp(670): warning C4244: “参数”: 从“double”转换到“int”，可能丢失数据
     1>Qchuxuanguang.cpp(670): warning C4244: “参数”: 从“double”转换到“int”，可能丢失数据
     1>Qchuxuanguang.cpp(690): warning C4244: “参数”: 从“double”转换到“int”，可能丢失数据
     1>Qchuxuanguang.cpp(690): warning C4244: “参数”: 从“double”转换到“int”，可能丢失数据
     1>Qchuxuanguang.cpp(819): warning C4244: “=”: 从“double”转换到“float”，可能丢失数据
     1>Qchuxuanguang.cpp(820): warning C4244: “=”: 从“double”转换到“float”，可能丢失数据
     1>Qchuxuanguang.cpp(1038): warning C4244: “参数”: 从“double”转换到“int”，可能丢失数据
     1>Qchuxuanguang.cpp(1038): warning C4244: “参数”: 从“double”转换到“int”，可能丢失数据
     1>Qchuxuanguang.cpp(1074): warning C4244: “=”: 从“double”转换到“int”，可能丢失数据
     1>Qchuxuanguang.cpp(1075): warning C4244: “=”: 从“double”转换到“int”，可能丢失数据
     1>Qchuxuanguang.cpp(1076): warning C4244: “=”: 从“double”转换到“int”，可能丢失数据
     1>Qchuxuanguang.cpp(1122): warning C4244: “=”: 从“double”转换到“int”，可能丢失数据
     1>Qchuxuanguang.cpp(1123): warning C4244: “=”: 从“double”转换到“int”，可能丢失数据
     1>Qchuxuanguang.cpp(1126): warning C4244: “=”: 从“double”转换到“int”，可能丢失数据
     1>Qchuxuanguang.cpp(1127): warning C4244: “=”: 从“double”转换到“int”，可能丢失数据
     1>Qchuxuanguang.cpp(1131): warning C4244: “=”: 从“double”转换到“int”，可能丢失数据
     1>Qchuxuanguang.cpp(1132): warning C4244: “=”: 从“double”转换到“int”，可能丢失数据
       Link:
         E:\VS2010\VC\bin\link.exe /ERRORREPORT:PROMPT /OUT:"F:\shejichengxv\quchuxuangaung\Release\quchuxuangaung.exe" /INCREMENTAL:NO /NOLOGO opencv_objdetect249.lib opencv_ts249.lib opencv_video249.lib opencv_nonfree249.lib opencv_ocl249.lib opencv_photo249.lib opencv_stitching249.lib opencv_superres249.lib opencv_videostab249.lib opencv_calib3d249.lib opencv_contrib249.lib opencv_core249.lib opencv_features2d249.lib opencv_flann249.lib opencv_gpu249.lib opencv_highgui249.lib opencv_imgproc249.lib opencv_legacy249.lib opencv_ml249.lib kernel32.lib user32.lib gdi32.lib winspool.lib comdlg32.lib advapi32.lib shell32.lib ole32.lib oleaut32.lib uuid.lib odbc32.lib odbccp32.lib opencv_ml249d.lib opencv_calib3d249d.lib opencv_contrib249d.lib opencv_core249d.lib opencv_features2d249d.lib opencv_flann249d.lib opencv_gpu249d.lib opencv_highgui249d.lib opencv_imgproc249d.lib opencv_legacy249d.lib opencv_objdetect249d.lib opencv_ts249d.lib opencv_video249d.lib opencv_nonfree249d.lib opencv_ocl249d.lib opencv_photo249d.lib opencv_stitching249d.lib opencv_superres249d.lib opencv_videostab249d.lib kernel32.lib user32.lib gdi32.lib winspool.lib comdlg32.lib advapi32.lib shell32.lib ole32.lib oleaut32.lib uuid.lib odbc32.lib odbccp32.lib /MANIFEST /ManifestFile:"Release\quchuxuangaung.exe.intermediate.manifest" /MANIFESTUAC:"level='asInvoker' uiAccess='false'" /DEBUG /PDB:"F:\shejichengxv\quchuxuangaung\Release\quchuxuangaung.pdb" /SUBSYSTEM:CONSOLE /OPT:REF /OPT:ICF /LTCG /TLBID:1 /DYNAMICBASE /NXCOMPAT /IMPLIB:"F:\shejichengxv\quchuxuangaung\Release\quchuxuangaung.lib" /MACHINE:X86 Release\Qchuxuanguang.obj
         Release\quchuxuanguang.obj
         Release\TideRect.obj
         正在生成代码
         已完成代码的生成
         quchuxuangaung.vcxproj -> F:\shejichengxv\quchuxuangaung\Release\quchuxuangaung.exe
       Manifest:
         C:\Program Files (x86)\Microsoft SDKs\Windows\v7.0A\bin\mt.exe /nologo /verbose /outputresource:"F:\shejichengxv\quchuxuangaung\Release\quchuxuangaung.exe;#1" /manifest Release\quchuxuangaung.exe.intermediate.manifest
       FinalizeBuildStatus:
         正在删除文件“Release\quchuxuangaung.unsuccessfulbuild”。
         正在对“Release\quchuxuangaung.lastbuildstate”执行 Touch 任务。
     1>已完成生成项目“F:\shejichengxv\quchuxuangaung\quchuxuangaung\quchuxuangaung.vcxproj”(build 个目标)的操作。

生成成功。

已用时间 00:00:03.67
